<?xml version="1.0" encoding="UTF-8"?>
<!-- Generated by org.testng.reporters.JUnitXMLReporter -->
<testsuite hostname="deepakraja" ignored="0" name="Get User On Page" tests="3" failures="0" timestamp="2020-06-16T18:08:04 IST" time="4.068" errors="0">
  <testcase name="GetUser_OnePage" time="1.145" classname="apipakage.GetUserOnPage"/>
  <testcase name="GetOneUser_PropFile" time="1.399" classname="apipakage.GetOneUserWithPropFile"/>
  <testcase name="GetOneUser_GetMethod" time="1.47" classname="apipakage.GetOneUser"/>
</testsuite> <!-- Get User On Page -->
