<?xml version="1.0" encoding="UTF-8"?>
<!-- Generated by org.testng.reporters.JUnitXMLReporter -->
<testsuite hostname="deepakraja" ignored="3" tests="0" failures="0" timestamp="2020-06-14T15:33:48 IST" time="0.0" errors="0">
  <testcase name="GetUser_OnePage" time="0.0" classname="apipakage.GetUserOnPage">
    <ignored/>
  </testcase> <!-- GetUser_OnePage -->
  <testcase name="GetOneUser_PropFile" time="0.0" classname="apipakage.GetOneUserWithPropFile">
    <ignored/>
  </testcase> <!-- GetOneUser_PropFile -->
  <testcase name="GetOneUser_GetMethod" time="0.0" classname="apipakage.GetOneUser">
    <ignored/>
  </testcase> <!-- GetOneUser_GetMethod -->
</testsuite>
