<?xml version="1.0" encoding="UTF-8"?>
<!-- Generated by org.testng.reporters.JUnitXMLReporter -->
<testsuite hostname="deepakraja" ignored="0" name="GetOneUser" tests="3" failures="0" timestamp="2020-06-14T13:59:14 IST" time="8.412" errors="0">
  <testcase name="GetOneUser_GetMethod" time="3.321" classname="apipakage.GetOneUser"/>
  <testcase name="GetOneUser_PropFile" time="2.274" classname="apipakage.GetOneUserWithPropFile"/>
  <testcase name="GetUser_OnePage" time="2.789" classname="apipakage.GetUserOnPage"/>
</testsuite> <!-- GetOneUser -->
