<?xml version="1.0" encoding="UTF-8"?>
<!-- Generated by org.testng.reporters.JUnitXMLReporter -->
<testsuite hostname="deepakraja" ignored="0" name="MultipleTestMethod" tests="5" failures="0" timestamp="2020-06-16T18:07:48 IST" time="0.147" errors="0">
  <testcase name="CTestMethod1" time="0.015" classname="testngpackage.TestNG_MultipleTestMethods"/>
  <testcase name="BTestMethod2" time="0.019" classname="testngpackage.TestNG_MultipleTestMethods"/>
  <testcase name="BTestMethod2" time="0.0" classname="testngpackage.TestNG_MultipleTestMethods"/>
  <testcase name="BTestMethod2" time="0.015" classname="testngpackage.TestNG_MultipleTestMethods"/>
  <testcase name="ATestMethod3" time="0.016" classname="testngpackage.TestNG_MultipleTestMethods"/>
</testsuite> <!-- MultipleTestMethod -->
