<?xml version="1.0" encoding="UTF-8"?>
<!-- Generated by org.testng.reporters.JUnitXMLReporter -->
<testsuite hostname="deepakraja" ignored="3" tests="0" failures="0" timestamp="2020-06-16T18:07:48 IST" time="0.0" errors="0">
  <testcase name="TestMethod3" time="0.0" classname="testngpackage.TestNGClass">
    <ignored/>
  </testcase> <!-- TestMethod3 -->
  <testcase name="TestMethod2" time="0.0" classname="testngpackage.TestNGClass">
    <ignored/>
  </testcase> <!-- TestMethod2 -->
  <testcase name="TestMethod1" time="0.0" classname="testngpackage.TestNGClass">
    <ignored/>
  </testcase> <!-- TestMethod1 -->
</testsuite>
