<?xml version="1.0" encoding="UTF-8"?>
<testng-results ignored="0" total="2" passed="2" failed="0" skipped="0">
  <reporter-output>
  </reporter-output>
  <suite started-at="2023-10-18T17:36:58 IST" name="Suite" finished-at="2023-10-18T17:37:03 IST" duration-ms="5114">
    <groups>
    </groups>
    <test started-at="2023-10-18T17:36:58 IST" name="Test" finished-at="2023-10-18T17:37:03 IST" duration-ms="5114">
      <class name="apipakage.PostReq">
        <test-method is-config="true" signature="setup()[pri:0, instance:apipakage.PostReq@229f66ed]" started-at="2023-10-18T17:36:58 IST" name="setup" finished-at="2023-10-18T17:36:59 IST" duration-ms="831" status="PASS">
          <reporter-output>
          </reporter-output>
        </test-method> <!-- setup -->
        <test-method signature="testNegativeLogin()[pri:0, instance:apipakage.PostReq@229f66ed]" started-at="2023-10-18T17:36:59 IST" name="testNegativeLogin" finished-at="2023-10-18T17:37:02 IST" duration-ms="3445" status="PASS">
          <reporter-output>
          </reporter-output>
        </test-method> <!-- testNegativeLogin -->
        <test-method signature="testPositiveLogin()[pri:0, instance:apipakage.PostReq@229f66ed]" started-at="2023-10-18T17:37:02 IST" name="testPositiveLogin" finished-at="2023-10-18T17:37:03 IST" duration-ms="809" status="PASS">
          <reporter-output>
          </reporter-output>
        </test-method> <!-- testPositiveLogin -->
      </class> <!-- apipakage.PostReq -->
    </test> <!-- Test -->
  </suite> <!-- Suite -->
</testng-results>
