<?xml version="1.0" encoding="UTF-8"?>
<testsuite xmlns:xsi="http://www.w3.org/2001/XMLSchema-instance" xsi:noNamespaceSchemaLocation="https://maven.apache.org/surefire/maven-surefire-plugin/xsd/surefire-test-report-3.0.xsd" version="3.0" name="TestSuite" time="5.727" tests="2" errors="0" skipped="0" failures="0">
  <properties>
[...]
</properties>
  <testcase name="testNegativeLogin" classname="apipakage.PostReq" time="3.452">
    <system-out><![CDATA[{
    "error": "user not found"
}
]]></system-out>
  </testcase>
  <testcase name="testPositiveLogin" classname="apipakage.PostReq" time="0.803">
    <system-out><![CDATA[{
    "token": "QpwL5tke4Pnpja7X4"
}
]]></system-out>
  </testcase>
</testsuite>